	Exporter version: 4.6.1, Blender version: 2.78 (sub 0)
========= Conversion from Blender to Babylon.js =========
	Scene settings used:
		selected layers only:  false
		flat shading entire scene:  false
		inline textures:  false
		texture directory:  /home/rl/WebstormProjects/GameProject/public/New Folder/
	Python World class constructor completed
	processing begun of skeleton:  Armature, id:  0
		processing begun of bone:  Bone, index:  0
		processing begun of bone:  Bone.001, index:  1
		processing begun of bone:  Bone.002, index:  2
		processing begun of bone:  Bone.003, index:  3
		processing begun of bone:  Bone.002_L, index:  4
		processing begun of bone:  Bone.002_L.001, index:  5
		processing begun of bone:  Bone.002_L.002, index:  6
		processing begun of bone:  Bone.002_L.003, index:  7
		processing begun of bone:  Bone.002_L.004, index:  8
		processing begun of bone:  Bone.002_L.005, index:  9
		processing begun of bone:  Bone.002_R, index:  10
		processing begun of bone:  Bone.002_R.001, index:  11
		processing begun of bone:  Bone.002_R.002, index:  12
		processing begun of bone:  Bone.002_R.003, index:  13
		processing begun of bone:  Bone.002_R.004, index:  14
		processing begun of bone:  Bone.002_R.005, index:  15
		processing begun of bone:  Bone.002_R.006, index:  16
		processing begun of bone:  Bone_L, index:  17
		processing begun of bone:  Bone_L.001, index:  18
		processing begun of bone:  Bone_L.002, index:  19
		processing begun of bone:  Bone_L.003, index:  20
		processing begun of bone:  Bone_R, index:  21
		processing begun of bone:  Bone_R.001, index:  22
		processing begun of bone:  Bone_R.002, index:  23
		processing begun of bone:  Bone_R.003, index:  24
		processing action ArmatureAction:  in[1 - 20], out[0 - 20]
	processing begun of mesh:  Cube
		processing begun of Standard material:  Material
		processing begun of Standard material:  Material.001
		processing begun of Standard material:  Material.002
		processing begun of Standard material:  Material.003
		processing begun of multimaterial:  soldier1.Multimaterial#0
		num positions      :  3900
		num normals        :  3900
		num uvs            :  0
		num uvs2           :  0
		num colors         :  0
		num indices        :  9432
		Skeleton stats:  
			WARNING: Maximum # of influencers exceeded for 97 vertices, extras ignored
			Total Influencers:  14343
			Avg # of influencers per vertex:  3.6777
			Highest # of influencers observed:  9, num vertices with this:  181
			exported as 8 influencers
			num skeletonWeights and skeletonIndices:  31200
	processing begun of mesh:  Plane
		processing begun of Standard material:  Material.004
		num positions      :  4
		num normals        :  4
		num uvs            :  0
		num uvs2           :  0
		num colors         :  0
		num indices        :  6
	processing begun of camera (FreeCamera):  Camera
	processing begun of light (SUN):  Lamp.001
	processing begun of light (SUN):  Lamp
========= Writing of scene file started =========
========= Writing of scene file completed =========
========= end of processing =========
elapsed time:  0 min, 1.0475 secs
