Exporter version: 5.0.7, Blender version: 2.78 (sub 0)
========= Conversion from Blender to Babylon.js =========
	Scene settings used:
		selected layers only:  false
		flat shading entire scene:  false
		inline textures:  false
		texture directory:  C:\Users\Michael\Documents\AtomProjects\GameProject\public\textures\
	Python World class constructor completed
	WARNING: No active camera has been assigned, or is not in a currently selected Blender layer
	processing begun of mesh:  Cube.002
		processing begun of Standard material:  Material.000
			Diffuse texture found "Tex.002"
				Image texture found, type:  diffuseTexture, mapped using: "UVTex"
			Specular texture found "Tex.002"
				Image texture found, type:  specularTexture, mapped using: "UVTex"
		num positions      :  548
		num normals        :  548
		num uvs            :  1096
		num uvs2           :  0
		num colors         :  0
		num indices        :  1398
	processing begun of light (HEMI):  Lamp.002
========= Writing of scene file started =========
========= Writing of scene file completed =========
========= end of processing =========
elapsed time:  0 min, 0.0781 secs
